<?xml version="1.0" encoding="UTF-8"?>
<!-- Generated by org.testng.reporters.JUnitReportReporter -->
<testsuite hostname="Amritas-MacBook-Air.local" failures="0" tests="1" name="Package2.NewTest3" time="1.015" errors="0" timestamp="26 Sep 2022 17:09:22 GMT" skipped="0">
  <testcase classname="Package2.NewTest3" name="verifySearchButton" time="1.015"/>
</testsuite> <!-- Package2.NewTest3 -->
