<?xml version="1.0" encoding="UTF-8"?>
<!-- Generated by org.testng.reporters.JUnitReportReporter -->
<testsuite hostname="Amritas-MacBook-Air.local" failures="0" tests="1" name="Package2.NewTest3" time="0.968" errors="0" timestamp="22 Sep 2022 17:24:15 GMT" skipped="0">
  <testcase classname="Package2.NewTest3" name="verifySearchButton" time="0.968"/>
</testsuite> <!-- Package2.NewTest3 -->
