<?xml version="1.0" encoding="UTF-8"?>
<!-- Generated by org.testng.reporters.JUnitReportReporter -->
<testsuite hostname="Amritas-MacBook-Air.local" failures="0" tests="2" name="SeleniumDemo.NewTest" time="0.937" errors="0" timestamp="26 Sep 2022 17:09:22 GMT" skipped="0">
  <testcase classname="SeleniumDemo.NewTest" name="verifySearchButton" time="0.575"/>
  <testcase classname="SeleniumDemo.NewTest" name="verifySearchButton" time="0.362"/>
</testsuite> <!-- SeleniumDemo.NewTest -->
