<?xml version="1.0" encoding="UTF-8"?>
<!-- Generated by org.testng.reporters.JUnitReportReporter -->
<testsuite hostname="Amritas-MacBook-Air.local" failures="0" tests="2" name="SeleniumDemo.NewTest" time="1.447" errors="0" timestamp="22 Sep 2022 17:24:15 GMT" skipped="0">
  <testcase classname="SeleniumDemo.NewTest" name="verifySearchButton" time="0.802"/>
  <testcase classname="SeleniumDemo.NewTest" name="verifySearchButton" time="0.645"/>
</testsuite> <!-- SeleniumDemo.NewTest -->
