<?xml version="1.0" encoding="UTF-8"?>
<!-- Generated by org.testng.reporters.JUnitReportReporter -->
<testsuite skipped="0" hostname="Amritas-MacBook-Air.local" name="Package2.NewTest3" tests="1" failures="0" timestamp="2022-08-30T15:45:57 EDT" time="8.874" errors="0">
  <testcase name="verifySearchButton" time="8.874" classname="Package2.NewTest3"/>
  <system-out/>
</testsuite> <!-- Package2.NewTest3 -->
