<?xml version="1.0" encoding="UTF-8"?>
<!-- Generated by org.testng.reporters.JUnitReportReporter -->
<testsuite skipped="0" hostname="Amritas-MacBook-Air.local" name="SeleniumDemo.NewTest" tests="1" failures="0" timestamp="2022-08-30T15:29:35 EDT" time="4.326" errors="0">
  <testcase name="verifySearchButton" time="4.326" classname="SeleniumDemo.NewTest"/>
  <system-out/>
</testsuite> <!-- SeleniumDemo.NewTest -->
